<?xml version="1.0" encoding="UTF-8"?>
<testng-results skipped="0" failed="1" ignored="0" total="4" passed="3">
  <reporter-output>
    <line>
      <![CDATA[Only 1 state has a minAge of 19 and it is: Alabama]]>
    </line>
    <line>
      <![CDATA[Only 1 state has a minLoanAmount of 3,005 and it is: Georgia]]>
    </line>
    <line>
      <![CDATA[Opening main page]]>
    </line>
    <line>
      <![CDATA[Setting Loan Purpose]]>
    </line>
    <line>
      <![CDATA[Creating user by entering personal information]]>
    </line>
    <line>
      <![CDATA[Clicking on Submit personal Info]]>
    </line>
    <line>
      <![CDATA[Singing out]]>
    </line>
  </reporter-output>
  <suite name="Suite1" duration-ms="55057" started-at="2019-06-13T13:31:20Z" finished-at="2019-06-13T13:32:15Z">
    <groups>
    </groups>
    <test name="Tests1" duration-ms="55057" started-at="2019-06-13T13:31:20Z" finished-at="2019-06-13T13:32:15Z">
      <class name="com.credify.project.tests.ApiTests">
        <test-method status="PASS" signature="test1()[pri:0, instance:com.credify.project.tests.ApiTests@17550481]" name="test1" duration-ms="3884" started-at="2019-06-13T13:31:20Z" finished-at="2019-06-13T13:31:24Z">
          <reporter-output>
          </reporter-output>
        </test-method> <!-- test1 -->
        <test-method status="PASS" signature="test2()[pri:0, instance:com.credify.project.tests.ApiTests@17550481]" name="test2" duration-ms="1571" started-at="2019-06-13T13:31:24Z" finished-at="2019-06-13T13:31:25Z">
          <reporter-output>
            <line>
              <![CDATA[Only 1 state has a minAge of 19 and it is: Alabama]]>
            </line>
          </reporter-output>
        </test-method> <!-- test2 -->
        <test-method status="PASS" signature="test3()[pri:0, instance:com.credify.project.tests.ApiTests@17550481]" name="test3" duration-ms="1134" started-at="2019-06-13T13:31:25Z" finished-at="2019-06-13T13:31:26Z">
          <reporter-output>
            <line>
              <![CDATA[Only 1 state has a minLoanAmount of 3,005 and it is: Georgia]]>
            </line>
          </reporter-output>
        </test-method> <!-- test3 -->
      </class> <!-- com.credify.project.tests.ApiTests -->
      <class name="com.credify.project.tests.Tests">
        <test-method status="PASS" signature="Before()[pri:0, instance:com.credify.project.tests.Tests@783e6358]" name="Before" is-config="true" duration-ms="2905" started-at="2019-06-13T13:31:26Z" finished-at="2019-06-13T13:31:29Z">
          <reporter-output>
          </reporter-output>
        </test-method> <!-- Before -->
        <test-method status="FAIL" signature="verifyLoanProcess()[pri:1, instance:com.credify.project.tests.Tests@783e6358]" name="verifyLoanProcess" duration-ms="45027" started-at="2019-06-13T13:31:29Z" description="Enter loan amount and check your rate" finished-at="2019-06-13T13:32:14Z">
          <exception class="org.openqa.selenium.ElementClickInterceptedException">
            <message>
              <![CDATA[Element <label class="header-nav__toggle"> is not clickable at point (1834,52) because another element <div class="sc-EHOje gxmzFC"> obscures it
Build info: version: '3.141.5', revision: 'd54ebd709a', time: '2018-11-06T11:42:16'
System info: host: 'MacBook-Pro.ciudadempresaria.com.ar', ip: 'fe80:0:0:0:1093:ee78:c21e:afb2%en0', os.name: 'Mac OS X', os.arch: 'x86_64', os.version: '10.14.5', java.version: '1.8.0_181'
Driver info: org.openqa.selenium.firefox.FirefoxDriver
Capabilities {acceptInsecureCerts: true, browserName: firefox, browserVersion: 67.0, capabilities: {desiredCapabilities: {acceptInsecureCerts: true, browserName: firefox}}, javascriptEnabled: true, moz:accessibilityChecks: false, moz:buildID: 20190516215225, moz:headless: false, moz:processID: 991, moz:profile: /var/folders/1g/btn45ykx6vl..., moz:shutdownTimeout: 60000, moz:useNonSpecCompliantPointerOrigin: false, moz:webdriverClick: true, pageLoadStrategy: normal, platform: MAC, platformName: MAC, platformVersion: 18.6.0, rotatable: false, setWindowRect: true, strictFileInteractability: false, timeouts: {implicit: 0, pageLoad: 300000, script: 30000}, unhandledPromptBehavior: dismiss and notify}
Session ID: 6790f9f1-1628-0c4f-8262-cfdebda33bb6]]>
            </message>
            <full-stacktrace>
              <![CDATA[org.openqa.selenium.ElementClickInterceptedException: Element <label class="header-nav__toggle"> is not clickable at point (1834,52) because another element <div class="sc-EHOje gxmzFC"> obscures it
Build info: version: '3.141.5', revision: 'd54ebd709a', time: '2018-11-06T11:42:16'
System info: host: 'MacBook-Pro.ciudadempresaria.com.ar', ip: 'fe80:0:0:0:1093:ee78:c21e:afb2%en0', os.name: 'Mac OS X', os.arch: 'x86_64', os.version: '10.14.5', java.version: '1.8.0_181'
Driver info: org.openqa.selenium.firefox.FirefoxDriver
Capabilities {acceptInsecureCerts: true, browserName: firefox, browserVersion: 67.0, capabilities: {desiredCapabilities: {acceptInsecureCerts: true, browserName: firefox}}, javascriptEnabled: true, moz:accessibilityChecks: false, moz:buildID: 20190516215225, moz:headless: false, moz:processID: 991, moz:profile: /var/folders/1g/btn45ykx6vl..., moz:shutdownTimeout: 60000, moz:useNonSpecCompliantPointerOrigin: false, moz:webdriverClick: true, pageLoadStrategy: normal, platform: MAC, platformName: MAC, platformVersion: 18.6.0, rotatable: false, setWindowRect: true, strictFileInteractability: false, timeouts: {implicit: 0, pageLoad: 300000, script: 30000}, unhandledPromptBehavior: dismiss and notify}
Session ID: 6790f9f1-1628-0c4f-8262-cfdebda33bb6
at sun.reflect.NativeConstructorAccessorImpl.newInstance0(Native Method)
at sun.reflect.NativeConstructorAccessorImpl.newInstance(NativeConstructorAccessorImpl.java:62)
at sun.reflect.DelegatingConstructorAccessorImpl.newInstance(DelegatingConstructorAccessorImpl.java:45)
at java.lang.reflect.Constructor.newInstance(Constructor.java:423)
at org.openqa.selenium.remote.http.W3CHttpResponseCodec.createException(W3CHttpResponseCodec.java:187)
at org.openqa.selenium.remote.http.W3CHttpResponseCodec.decode(W3CHttpResponseCodec.java:122)
at org.openqa.selenium.remote.http.W3CHttpResponseCodec.decode(W3CHttpResponseCodec.java:49)
at org.openqa.selenium.remote.HttpCommandExecutor.execute(HttpCommandExecutor.java:158)
at org.openqa.selenium.remote.service.DriverCommandExecutor.execute(DriverCommandExecutor.java:83)
at org.openqa.selenium.remote.RemoteWebDriver.execute(RemoteWebDriver.java:552)
at org.openqa.selenium.remote.RemoteWebElement.execute(RemoteWebElement.java:285)
at org.openqa.selenium.remote.RemoteWebElement.click(RemoteWebElement.java:84)
at sun.reflect.NativeMethodAccessorImpl.invoke0(Native Method)
at sun.reflect.NativeMethodAccessorImpl.invoke(NativeMethodAccessorImpl.java:62)
at sun.reflect.DelegatingMethodAccessorImpl.invoke(DelegatingMethodAccessorImpl.java:43)
at java.lang.reflect.Method.invoke(Method.java:498)
at org.openqa.selenium.support.pagefactory.internal.LocatingElementHandler.invoke(LocatingElementHandler.java:51)
at com.sun.proxy.$Proxy15.click(Unknown Source)
at com.credify.project.pages.OfferPage.clickMenuBtn(OfferPage.java:75)
at com.credify.project.tests.Tests.verifyLoanProcess(Tests.java:105)
at sun.reflect.NativeMethodAccessorImpl.invoke0(Native Method)
at sun.reflect.NativeMethodAccessorImpl.invoke(NativeMethodAccessorImpl.java:62)
at sun.reflect.DelegatingMethodAccessorImpl.invoke(DelegatingMethodAccessorImpl.java:43)
at java.lang.reflect.Method.invoke(Method.java:498)
at org.testng.internal.MethodInvocationHelper.invokeMethod(MethodInvocationHelper.java:124)
at org.testng.internal.Invoker.invokeMethod(Invoker.java:583)
at org.testng.internal.Invoker.invokeTestMethod(Invoker.java:719)
at org.testng.internal.Invoker.invokeTestMethods(Invoker.java:989)
at org.testng.internal.TestMethodWorker.invokeTestMethods(TestMethodWorker.java:125)
at org.testng.internal.TestMethodWorker.run(TestMethodWorker.java:109)
at org.testng.TestRunner.privateRun(TestRunner.java:648)
at org.testng.TestRunner.run(TestRunner.java:505)
at org.testng.SuiteRunner.runTest(SuiteRunner.java:455)
at org.testng.SuiteRunner.runSequentially(SuiteRunner.java:450)
at org.testng.SuiteRunner.privateRun(SuiteRunner.java:415)
at org.testng.SuiteRunner.run(SuiteRunner.java:364)
at org.testng.SuiteRunnerWorker.runSuite(SuiteRunnerWorker.java:52)
at org.testng.SuiteRunnerWorker.run(SuiteRunnerWorker.java:84)
at org.testng.TestNG.runSuitesSequentially(TestNG.java:1208)
at org.testng.TestNG.runSuitesLocally(TestNG.java:1137)
at org.testng.TestNG.runSuites(TestNG.java:1049)
at org.testng.TestNG.run(TestNG.java:1017)
at org.testng.IDEARemoteTestNG.run(IDEARemoteTestNG.java:72)
at org.testng.RemoteTestNGStarter.main(RemoteTestNGStarter.java:123)
]]>
            </full-stacktrace>
          </exception> <!-- org.openqa.selenium.ElementClickInterceptedException -->
          <reporter-output>
            <line>
              <![CDATA[Opening main page]]>
            </line>
            <line>
              <![CDATA[Setting Loan Purpose]]>
            </line>
            <line>
              <![CDATA[Creating user by entering personal information]]>
            </line>
            <line>
              <![CDATA[Clicking on Submit personal Info]]>
            </line>
            <line>
              <![CDATA[Singing out]]>
            </line>
          </reporter-output>
        </test-method> <!-- verifyLoanProcess -->
        <test-method status="PASS" signature="After()[pri:0, instance:com.credify.project.tests.Tests@783e6358]" name="After" is-config="true" duration-ms="501" started-at="2019-06-13T13:32:14Z" finished-at="2019-06-13T13:32:15Z">
          <reporter-output>
          </reporter-output>
        </test-method> <!-- After -->
      </class> <!-- com.credify.project.tests.Tests -->
    </test> <!-- Tests1 -->
  </suite> <!-- Suite1 -->
</testng-results>
